# JRE version: OpenJDK Runtime Environment (8.0_242-b01) (build 1.8.0_242-release-1644-b01)
# Java VM: OpenJDK 64-Bit Server VM (25.242-b01 mixed mode windows-amd64 compressed oops)
Heap:
 PSYoungGen      total 493056K, used 418867K [0x00000000d5580000, 0x00000000fba80000, 0x0000000100000000)
  eden space 380928K, 96% used [0x00000000d5580000,0x00000000ebe47bb0,0x00000000ec980000)
  from space 112128K, 44% used [0x00000000f4d00000,0x00000000f7d450c8,0x00000000fba80000)
  to   space 123392K, 0% used [0x00000000ec980000,0x00000000ec980000,0x00000000f4200000)
 ParOldGen       total 382464K, used 138402K [0x0000000080000000, 0x0000000097580000, 0x00000000d5580000)
  object space 382464K, 36% used [0x0000000080000000,0x0000000088728bb0,0x0000000097580000)
 Metaspace       used 333196K, capacity 345830K, committed 346136K, reserved 1353728K
  class space    used 39389K, capacity 41729K, committed 41776K, reserved 1048576K
GC Heap History (10 events):
Event: 29660.255 GC heap before
{Heap before GC invocations=192 (full 12):
 PSYoungGen      total 394240K, used 393760K [0x00000000d5580000, 0x00000000f7900000, 0x0000000100000000)
  eden space 376320K, 99% used [0x00000000d5580000,0x00000000ec4fe158,0x00000000ec500000)
  from space 17920K, 97% used [0x00000000ed000000,0x00000000ee10a1d0,0x00000000ee180000)
  to   space 92160K, 0% used [0x00000000f1f00000,0x00000000f1f00000,0x00000000f7900000)
 ParOldGen       total 382464K, used 122229K [0x0000000080000000, 0x0000000097580000, 0x00000000d5580000)
  object space 382464K, 31% used [0x0000000080000000,0x000000008775d748,0x0000000097580000)
 Metaspace       used 311771K, capacity 324220K, committed 324504K, reserved 1335296K
  class space    used 36967K, capacity 39256K, committed 39344K, reserved 1048576K
Event: 29660.275 GC heap after
Heap after GC invocations=192 (full 12):
 PSYoungGen      total 438784K, used 16175K [0x00000000d5580000, 0x00000000f6680000, 0x0000000100000000)
  eden space 365568K, 0% used [0x00000000d5580000,0x00000000d5580000,0x00000000eba80000)
  from space 73216K, 22% used [0x00000000f1f00000,0x00000000f2ecbc58,0x00000000f6680000)
  to   space 88064K, 0% used [0x00000000eba80000,0x00000000eba80000,0x00000000f1080000)
 ParOldGen       total 382464K, used 122229K [0x0000000080000000, 0x0000000097580000, 0x00000000d5580000)
  object space 382464K, 31% used [0x0000000080000000,0x000000008775d748,0x0000000097580000)
 Metaspace       used 311771K, capacity 324220K, committed 324504K, reserved 1335296K
  class space    used 36967K, capacity 39256K, committed 39344K, reserved 1048576K
}
Event: 29662.552 GC heap before
{Heap before GC invocations=193 (full 12):
 PSYoungGen      total 438784K, used 381743K [0x00000000d5580000, 0x00000000f6680000, 0x0000000100000000)
  eden space 365568K, 100% used [0x00000000d5580000,0x00000000eba80000,0x00000000eba80000)
  from space 73216K, 22% used [0x00000000f1f00000,0x00000000f2ecbc58,0x00000000f6680000)
  to   space 88064K, 0% used [0x00000000eba80000,0x00000000eba80000,0x00000000f1080000)
 ParOldGen       total 382464K, used 122229K [0x0000000080000000, 0x0000000097580000, 0x00000000d5580000)
  object space 382464K, 31% used [0x0000000080000000,0x000000008775d748,0x0000000097580000)
 Metaspace       used 321318K, capacity 333826K, committed 334232K, reserved 1343488K
  class space    used 38011K, capacity 40325K, committed 40368K, reserved 1048576K
Event: 29662.610 GC heap after
Heap after GC invocations=193 (full 12):
 PSYoungGen      total 453632K, used 88057K [0x00000000d5580000, 0x00000000f9780000, 0x0000000100000000)
  eden space 365568K, 0% used [0x00000000d5580000,0x00000000d5580000,0x00000000eba80000)
  from space 88064K, 99% used [0x00000000eba80000,0x00000000f107e460,0x00000000f1080000)
  to   space 104960K, 0% used [0x00000000f3100000,0x00000000f3100000,0x00000000f9780000)
 ParOldGen       total 382464K, used 124535K [0x0000000080000000, 0x0000000097580000, 0x00000000d5580000)
  object space 382464K, 32% used [0x0000000080000000,0x000000008799dc50,0x0000000097580000)
 Metaspace       used 321318K, capacity 333826K, committed 334232K, reserved 1343488K
  class space    used 38011K, capacity 40325K, committed 40368K, reserved 1048576K
}
Event: 29664.394 GC heap before
{Heap before GC invocations=194 (full 12):
 PSYoungGen      total 453632K, used 453625K [0x00000000d5580000, 0x00000000f9780000, 0x0000000100000000)
  eden space 365568K, 100% used [0x00000000d5580000,0x00000000eba80000,0x00000000eba80000)
  from space 88064K, 99% used [0x00000000eba80000,0x00000000f107e460,0x00000000f1080000)
  to   space 104960K, 0% used [0x00000000f3100000,0x00000000f3100000,0x00000000f9780000)
 ParOldGen       total 382464K, used 124535K [0x0000000080000000, 0x0000000097580000, 0x00000000d5580000)
  object space 382464K, 32% used [0x0000000080000000,0x000000008799dc50,0x0000000097580000)
 Metaspace       used 325395K, capacity 338012K, committed 338456K, reserved 1347584K
  class space    used 38545K, capacity 40880K, committed 41008K, reserved 1048576K
Event: 29664.491 GC heap after
Heap after GC invocations=194 (full 12):
 PSYoungGen      total 462336K, used 104942K [0x00000000d5580000, 0x00000000fd400000, 0x0000000100000000)
  eden space 357376K, 0% used [0x00000000d5580000,0x00000000d5580000,0x00000000eb280000)
  from space 104960K, 99% used [0x00000000f3100000,0x00000000f977b890,0x00000000f9780000)
  to   space 129536K, 0% used [0x00000000eb280000,0x00000000eb280000,0x00000000f3100000)
 ParOldGen       total 382464K, used 138402K [0x0000000080000000, 0x0000000097580000, 0x00000000d5580000)
  object space 382464K, 36% used [0x0000000080000000,0x0000000088728bb0,0x0000000097580000)
 Metaspace       used 325395K, capacity 338012K, committed 338456K, reserved 1347584K
  class space    used 38545K, capacity 40880K, committed 41008K, reserved 1048576K
}
Event: 29667.021 GC heap before
{Heap before GC invocations=195 (full 12):
 PSYoungGen      total 462336K, used 462318K [0x00000000d5580000, 0x00000000fd400000, 0x0000000100000000)
  eden space 357376K, 100% used [0x00000000d5580000,0x00000000eb280000,0x00000000eb280000)
  from space 104960K, 99% used [0x00000000f3100000,0x00000000f977b890,0x00000000f9780000)
  to   space 129536K, 0% used [0x00000000eb280000,0x00000000eb280000,0x00000000f3100000)
 ParOldGen       total 382464K, used 138402K [0x0000000080000000, 0x0000000097580000, 0x00000000d5580000)
  object space 382464K, 36% used [0x0000000080000000,0x0000000088728bb0,0x0000000097580000)
 Metaspace       used 325472K, capacity 338106K, committed 338456K, reserved 1347584K
  class space    used 38549K, capacity 40885K, committed 41008K, reserved 1048576K
Event: 29667.068 GC heap after
Heap after GC invocations=195 (full 12):
 PSYoungGen      total 486912K, used 67027K [0x00000000d5580000, 0x00000000fcc00000, 0x0000000100000000)
  eden space 357376K, 0% used [0x00000000d5580000,0x00000000d5580000,0x00000000eb280000)
  from space 129536K, 51% used [0x00000000eb280000,0x00000000ef3f4c40,0x00000000f3100000)
  to   space 130048K, 0% used [0x00000000f4d00000,0x00000000f4d00000,0x00000000fcc00000)
 ParOldGen       total 382464K, used 138402K [0x0000000080000000, 0x0000000097580000, 0x00000000d5580000)
  object space 382464K, 36% used [0x0000000080000000,0x0000000088728bb0,0x0000000097580000)
 Metaspace       used 325472K, capacity 338106K, committed 338456K, reserved 1347584K
  class space    used 38549K, capacity 40885K, committed 41008K, reserved 1048576K
}
Event: 29807.619 GC heap before
{Heap before GC invocations=196 (full 12):
 PSYoungGen      total 486912K, used 424403K [0x00000000d5580000, 0x00000000fcc00000, 0x0000000100000000)
  eden space 357376K, 100% used [0x00000000d5580000,0x00000000eb280000,0x00000000eb280000)
  from space 129536K, 51% used [0x00000000eb280000,0x00000000ef3f4c40,0x00000000f3100000)
  to   space 130048K, 0% used [0x00000000f4d00000,0x00000000f4d00000,0x00000000fcc00000)
 ParOldGen       total 382464K, used 138402K [0x0000000080000000, 0x0000000097580000, 0x00000000d5580000)
  object space 382464K, 36% used [0x0000000080000000,0x0000000088728bb0,0x0000000097580000)
 Metaspace       used 325502K, capacity 338110K, committed 338456K, reserved 1347584K
  class space    used 38549K, capacity 40885K, committed 41008K, reserved 1048576K
Event: 29807.674 GC heap after
Heap after GC invocations=196 (full 12):
 PSYoungGen      total 493056K, used 49428K [0x00000000d5580000, 0x00000000fba80000, 0x0000000100000000)
  eden space 380928K, 0% used [0x00000000d5580000,0x00000000d5580000,0x00000000ec980000)
  from space 112128K, 44% used [0x00000000f4d00000,0x00000000f7d450c8,0x00000000fba80000)
  to   space 123392K, 0% used [0x00000000ec980000,0x00000000ec980000,0x00000000f4200000)
 ParOldGen       total 382464K, used 138402K [0x0000000080000000, 0x0000000097580000, 0x00000000d5580000)
  object space 382464K, 36% used [0x0000000080000000,0x0000000088728bb0,0x0000000097580000)
 Metaspace       used 325502K, capacity 338110K, committed 338456K, reserved 1347584K
  class space    used 38549K, capacity 40885K, committed 41008K, reserved 1048576K
}

